<?xml version="1.0" encoding="UTF-8"?>
<!-- Generated by org.testng.reporters.JUnitReportReporter -->
<testsuite skipped="0" hostname="SUD-PC" name="com.tomvc.qa.testcases.Addition_todos_test" tests="6" failures="0" timestamp="2020-06-29T19:29:30 IST" time="279.412" errors="0">
  <testcase name="tc4" time="56.739" classname="com.tomvc.qa.testcases.Addition_todos_test"/>
  <testcase name="tc6" time="43.568" classname="com.tomvc.qa.testcases.Addition_todos_test"/>
  <testcase name="tc7" time="52.509" classname="com.tomvc.qa.testcases.Addition_todos_test"/>
  <testcase name="tc8" time="37.157" classname="com.tomvc.qa.testcases.Addition_todos_test"/>
  <testcase name="tc9" time="51.304" classname="com.tomvc.qa.testcases.Addition_todos_test"/>
  <testcase name="tc10" time="38.135" classname="com.tomvc.qa.testcases.Addition_todos_test"/>
</testsuite> <!-- com.tomvc.qa.testcases.Addition_todos_test -->
