<?xml version="1.0" encoding="UTF-8"?>
<!-- Generated by org.testng.reporters.JUnitReportReporter -->
<testsuite skipped="0" hostname="SUD-PC" name="com.tomvc.qa.testcases.Validation_tab" tests="7" failures="0" timestamp="2020-06-29T16:10:06 IST" time="399.009" errors="0">
  <testcase name="tc11" time="41.973" classname="com.tomvc.qa.testcases.Validation_tab"/>
  <testcase name="tc12" time="58.793" classname="com.tomvc.qa.testcases.Validation_tab"/>
  <testcase name="tc13" time="60.050" classname="com.tomvc.qa.testcases.Validation_tab"/>
  <testcase name="tc14" time="55.299" classname="com.tomvc.qa.testcases.Validation_tab"/>
  <testcase name="tc15" time="58.230" classname="com.tomvc.qa.testcases.Validation_tab"/>
  <testcase name="tc16" time="62.777" classname="com.tomvc.qa.testcases.Validation_tab"/>
  <testcase name="tc17" time="61.887" classname="com.tomvc.qa.testcases.Validation_tab"/>
</testsuite> <!-- com.tomvc.qa.testcases.Validation_tab -->
