<?xml version="1.0" encoding="UTF-8"?>
<!-- Generated by org.testng.reporters.JUnitReportReporter -->
<testsuite skipped="0" hostname="SUD-PC" name="com.tomvc.qa.testcases.Reactpagetest" tests="1" failures="0" timestamp="2020-06-29T07:52:00 IST" time="49.924" errors="0">
  <testcase name="homepagetest" time="49.924" classname="com.tomvc.qa.testcases.Reactpagetest"/>
</testsuite> <!-- com.tomvc.qa.testcases.Reactpagetest -->
