<?xml version="1.0" encoding="UTF-8"?>
<!-- Generated by org.testng.reporters.JUnitReportReporter -->
<testsuite skipped="0" hostname="SUD-PC" name="com.tomvc.qa.testcases.Validation_site" tests="2" failures="0" timestamp="2020-06-29T14:25:05 IST" time="50.275" errors="0">
  <testcase name="tc2" time="17.752" classname="com.tomvc.qa.testcases.Validation_site"/>
  <testcase name="tc3" time="32.523" classname="com.tomvc.qa.testcases.Validation_site"/>
</testsuite> <!-- com.tomvc.qa.testcases.Validation_site -->
